<?xml version="1.0" encoding="UTF-8"?>
<coverage generated="1653534095513" clover="3.2.0">
  <project timestamp="1653534095513" name="All files">
    <metrics statements="3" coveredstatements="3" conditionals="0" coveredconditionals="0" methods="1" coveredmethods="1" elements="4" coveredelements="4" complexity="0" loc="3" ncloc="3" packages="1" files="2" classes="2"/>
    <file name="index.ts" path="/Users/nawu/Ala/DEMO/组件库/pinala-utils/src/index.ts">
      <metrics statements="1" coveredstatements="1" conditionals="0" coveredconditionals="0" methods="0" coveredmethods="0"/>
      <line num="1" count="1" type="stmt"/>
    </file>
    <file name="util.ts" path="/Users/nawu/Ala/DEMO/组件库/pinala-utils/src/util.ts">
      <metrics statements="2" coveredstatements="2" conditionals="0" coveredconditionals="0" methods="1" coveredmethods="1"/>
      <line num="5" count="1" type="stmt"/>
      <line num="6" count="2" type="stmt"/>
    </file>
  </project>
</coverage>
